<?xml version="1.0" encoding="UTF-8"?>
<!-- Generated by org.testng.reporters.JUnitReportReporter -->
<testsuite skipped="0" hostname="DESKTOP-HFP8OSQ" name="Tests.ValidData" tests="2" failures="0" timestamp="2020-10-28T00:55:39 BDT" time="8.781" errors="0">
  <testcase name="Valid001" time="0.190" classname="Tests.ValidData"/>
  <system-out/>
  <testcase name="login" time="8.591" classname="Tests.ValidData"/>
  <system-out/>
</testsuite> <!-- Tests.ValidData -->
